[19:20:34] [main/INFO] (FabricLoader/GameProvider) Loading Minecraft 1.21.4 with Fabric Loader 0.16.9
[19:20:35] [main/INFO] (FabricLoader) Loading 53 mods:
	- detritus 1.0-SNAPSHOT
	- fabric-api 0.111.0+1.21.4
	- fabric-api-base 0.4.53+453d4f9104
	- fabric-api-lookup-api-v1 1.6.84+7feeb73304
	- fabric-biome-api-v1 15.0.4+466a140b04
	- fabric-block-api-v1 1.0.31+7feeb73304
	- fabric-block-view-api-v2 1.0.19+7feeb73304
	- fabric-blockrenderlayer-v1 2.0.7+7feeb73304
	- fabric-client-tags-api-v1 1.1.27+7feeb73304
	- fabric-command-api-v1 1.2.61+f71b366f04
	- fabric-command-api-v2 2.2.40+e496eb1504
	- fabric-commands-v0 0.2.78+df3654b304
	- fabric-content-registries-v0 9.1.12+7feeb73304
	- fabric-convention-tags-v1 2.1.6+7f945d5b04
	- fabric-convention-tags-v2 2.9.6+466a140b04
	- fabric-crash-report-info-v1 0.3.6+7feeb73304
	- fabric-data-attachment-api-v1 1.4.3+9aea556b04
	- fabric-data-generation-api-v1 22.1.2+466a140b04
	- fabric-dimensions-v1 4.0.10+7feeb73304
	- fabric-entity-events-v1 2.0.11+60fccc7604
	- fabric-events-interaction-v0 4.0.1+a4eebcf004
	- fabric-game-rule-api-v1 1.0.62+7feeb73304
	- fabric-gametest-api-v1 2.0.19+7feeb73304
	- fabric-item-api-v1 11.1.12+203e6b2304
	- fabric-item-group-api-v1 4.1.21+7feeb73304
	- fabric-key-binding-api-v1 1.0.56+7feeb73304
	- fabric-keybindings-v0 0.2.54+df3654b304
	- fabric-lifecycle-events-v1 2.5.3+bf2a60eb04
	- fabric-loot-api-v2 3.0.31+3f89f5a504
	- fabric-loot-api-v3 1.0.19+203e6b2304
	- fabric-message-api-v1 6.0.24+7feeb73304
	- fabric-model-loading-api-v1 4.1.0+7b6b225304
	- fabric-networking-api-v1 4.3.8+cc0fa2fe04
	- fabric-object-builder-api-v1 18.0.5+e604fe7f04
	- fabric-particles-v1 4.0.13+7feeb73304
	- fabric-recipe-api-v1 8.0.3+fa62a02304
	- fabric-registry-sync-v0 6.0.1+cc0fa2fe04
	- fabric-renderer-api-v1 5.0.1+84404cdd04
	- fabric-renderer-indigo 2.0.1+84404cdd04
	- fabric-rendering-data-attachment-v1 0.3.57+73761d2e04
	- fabric-rendering-fluids-v1 3.1.18+7feeb73304
	- fabric-rendering-v1 10.1.0+7e7568bf04
	- fabric-resource-conditions-api-v1 5.0.13+203e6b2304
	- fabric-resource-loader-v0 3.0.10+203e6b2304
	- fabric-screen-api-v1 2.0.37+7feeb73304
	- fabric-screen-handler-api-v1 1.3.106+7feeb73304
	- fabric-sound-api-v1 1.0.32+7feeb73304
	- fabric-transfer-api-v1 5.4.6+1885ad7404
	- fabric-transitive-access-wideners-v1 6.3.2+56e78b9b04
	- fabricloader 0.16.9
	- java 21
	- minecraft 1.21.4
	- mixinextras 0.4.1
[19:20:35] [main/INFO] (FabricLoader/Mixin) SpongePowered MIXIN Subsystem Version=0.8.7 Source=file:/C:/Users/Liam/.gradle/caches/modules-2/files-2.1/net.fabricmc/sponge-mixin/0.15.4+mixin.0.8.7/6a12aacc794f1078458433116e9ed42c1cc98096/sponge-mixin-0.15.4+mixin.0.8.7.jar Service=Knot/Fabric Env=CLIENT
[19:20:35] [main/INFO] (FabricLoader/Mixin) Loaded Fabric development mappings for mixin remapper!
[19:20:35] [main/INFO] (FabricLoader/Mixin) Compatibility level set to JAVA_21
[19:20:38] [main/INFO] (FabricLoader/MixinExtras|Service) Initializing MixinExtras via com.llamalad7.mixinextras.service.MixinExtrasServiceImpl(version=0.4.1).
[19:20:39] [Datafixer Bootstrap/INFO] (Minecraft) 243 Datafixer optimizations took 888 milliseconds
[19:20:40] [main/WARN] (PerfmonDisabled) Invalid registry value type detected for PerfOS counters. Should be REG_DWORD. Ignoring: HKEY_LOCAL_MACHINE\SYSTEM\CurrentControlSet\Services\PerfOS\Performance\Disable Performance Counters.
[19:20:49] [Render thread/INFO] (Minecraft) Environment: Environment[sessionHost=https://sessionserver.mojang.com, servicesHost=https://api.minecraftservices.com, name=PROD]
[19:20:49] [Render thread/INFO] (Minecraft) Setting user: Player139
[19:20:50] [Render thread/INFO] (Indigo) [Indigo] Registering Indigo renderer!
[19:20:50] [Render thread/INFO] (FabricDataGenHelper) Running data generator for detritus
[19:20:51] [Render thread/INFO] (Minecraft) Starting provider: Detritus/Tags for minecraft:block
[19:20:51] [Render thread/INFO] (Minecraft) Detritus/Tags for minecraft:block finished after 28 ms
[19:20:51] [Render thread/INFO] (Minecraft) Starting provider: Detritus/Tags for minecraft:item
[19:20:51] [Render thread/INFO] (Minecraft) Detritus/Tags for minecraft:item finished after 0 ms
[19:20:51] [Render thread/INFO] (Minecraft) Starting provider: Detritus/Block Loot Tables
[19:20:51] [Render thread/INFO] (Minecraft) Detritus/Block Loot Tables finished after 29 ms
[19:20:51] [Render thread/INFO] (Minecraft) Starting provider: Detritus/Model Definitions
[19:20:51] [Render thread/INFO] (Minecraft) Detritus/Model Definitions finished after 127 ms
[19:20:51] [Render thread/INFO] (Minecraft) All providers took: 188 ms
[19:20:51] [Render thread/INFO] (Minecraft) Caching: total files: 108, old count: 48, new count: 109, removed stale: 0, written: 60
